app/build/intermediates/manifest_merge_blame_file/release/manifest-merger-blame-release-report.txt
1<?xml version="1.0" encoding="utf-8"?>
2<manifest xmlns:android="http://schemas.android.com/apk/res/android"
3    package="com.geurimsoft.grmsmobiledh"
4    android:versionCode="100"
5    android:versionName="1.0.0" >
6
7    <uses-sdk
8        android:minSdkVersion="16"
8-->src\main\AndroidManifest.xml
9        android:targetSdkVersion="30" />
9-->src\main\AndroidManifest.xml
10
11    <uses-permission android:name="android.permission.INTERNET" />
11-->src\main\AndroidManifest.xml:5:5-67
11-->src\main\AndroidManifest.xml:5:22-64
12    <uses-permission android:name="android.permission.ACCESS_NETWORK_STATE" />
12-->src\main\AndroidManifest.xml:6:5-79
12-->src\main\AndroidManifest.xml:6:22-76
13
14    <application
14-->src\main\AndroidManifest.xml:8:5-35:19
15        android:allowBackup="true"
15-->src\main\AndroidManifest.xml:10:9-35
16        android:appComponentFactory="androidx.core.app.CoreComponentFactory"
16-->[androidx.core:core:1.3.1] AndroidManifest.xml:24:18-86
17        android:icon="@drawable/ic_launcher"
17-->src\main\AndroidManifest.xml:11:9-45
18        android:label="GRMS(풍년가)"
18-->src\main\AndroidManifest.xml:9:9-34
19        android:networkSecurityConfig="@xml/network_security_config"
19-->src\main\AndroidManifest.xml:13:9-69
20        android:theme="@android:style/Theme.Black.NoTitleBar.Fullscreen"
20-->src\main\AndroidManifest.xml:12:9-73
21        android:usesCleartextTraffic="true" >
21-->src\main\AndroidManifest.xml:14:9-44
22        <activity
22-->src\main\AndroidManifest.xml:16:9-23:20
23            android:name="com.geurimsoft.grmsmobiledh.AppMain"
23-->src\main\AndroidManifest.xml:17:13-63
24            android:screenOrientation="portrait" >
24-->src\main\AndroidManifest.xml:18:13-49
25            <intent-filter>
25-->src\main\AndroidManifest.xml:19:13-22:29
26                <action android:name="android.intent.action.MAIN" />
26-->src\main\AndroidManifest.xml:20:17-69
26-->src\main\AndroidManifest.xml:20:25-66
27
28                <category android:name="android.intent.category.LAUNCHER" />
28-->src\main\AndroidManifest.xml:21:17-77
28-->src\main\AndroidManifest.xml:21:27-74
29            </intent-filter>
30        </activity>
31        <activity
31-->src\main\AndroidManifest.xml:24:9-25:76
32            android:name="com.geurimsoft.grmsmobiledh.view.fragments.ActivityMain"
32-->src\main\AndroidManifest.xml:24:19-89
33            android:theme="@style/Theme.AppCompat.DayNight.DarkActionBar" />
33-->src\main\AndroidManifest.xml:25:13-74
34        <activity
34-->src\main\AndroidManifest.xml:27:9-28:76
35            android:name="com.geurimsoft.grmsmobiledh.payloader.Payloader"
35-->src\main\AndroidManifest.xml:27:19-81
36            android:theme="@style/Theme.AppCompat.DayNight.DarkActionBar" />
36-->src\main\AndroidManifest.xml:28:13-74
37        <activity
37-->src\main\AndroidManifest.xml:30:9-31:76
38            android:name="com.geurimsoft.grmsmobiledh.payloader.ItemActivity"
38-->src\main\AndroidManifest.xml:30:19-84
39            android:theme="@style/Theme.AppCompat.DayNight.DarkActionBar" />
39-->src\main\AndroidManifest.xml:31:13-74
40        <activity android:name="org.achartengine.GraphicalActivity" />
40-->src\main\AndroidManifest.xml:33:9-71
40-->src\main\AndroidManifest.xml:33:19-68
41    </application>
42
43</manifest>